[07:37:18] [ServerMain/INFO]: [bootstrap] Running Java 21 (OpenJDK 64-Bit Server VM 21.0.7+6-LTS; Microsoft Microsoft-11369942) on Linux 6.8.0-1030-azure (amd64)
[07:37:18] [ServerMain/INFO]: [bootstrap] Loading Purpur 1.21.7-2477-HEAD@60bdf1c (2025-07-18T03:06:59Z) for Minecraft 1.21.7
[07:37:19] [ServerMain/INFO]: [PluginInitializerManager] Initializing plugins...
[07:37:19] [ServerMain/ERROR]: [PluginRemapper] Encountered exception remapping plugins
java.util.concurrent.CompletionException: java.lang.RuntimeException: Failed to open plugin jar plugins/worldedit-bukkit-7.3.16.jar
	at java.base/java.util.concurrent.CompletableFuture.reportJoin(CompletableFuture.java:413) ~[?:?]
	at java.base/java.util.concurrent.CompletableFuture.join(CompletableFuture.java:2118) ~[?:?]
	at io.papermc.paper.pluginremap.PluginRemapper.waitForAll(PluginRemapper.java:414) ~[purpur-1.21.7.jar:1.21.7-2477-60bdf1c]
	at io.papermc.paper.pluginremap.PluginRemapper.rewritePluginDirectory(PluginRemapper.java:210) ~[purpur-1.21.7.jar:1.21.7-2477-60bdf1c]
	at io.papermc.paper.plugin.provider.source.DirectoryProviderSource.prepareContext(DirectoryProviderSource.java:42) ~[purpur-1.21.7.jar:1.21.7-2477-60bdf1c]
	at io.papermc.paper.plugin.provider.source.DirectoryProviderSource.prepareContext(DirectoryProviderSource.java:17) ~[purpur-1.21.7.jar:1.21.7-2477-60bdf1c]
	at io.papermc.paper.plugin.util.EntrypointUtil.registerProvidersFromSource(EntrypointUtil.java:14) ~[purpur-1.21.7.jar:1.21.7-2477-60bdf1c]
	at io.papermc.paper.plugin.PluginInitializerManager.load(PluginInitializerManager.java:113) ~[purpur-1.21.7.jar:1.21.7-2477-60bdf1c]
	at net.minecraft.server.Main.main(Main.java:119) ~[purpur-1.21.7.jar:1.21.7-2477-60bdf1c]
	at io.papermc.paper.PaperBootstrap.boot(PaperBootstrap.java:21) ~[purpur-1.21.7.jar:1.21.7-2477-60bdf1c]
	at org.bukkit.craftbukkit.Main.main(Main.java:250) ~[purpur-1.21.7.jar:1.21.7-2477-60bdf1c]
	at io.papermc.paperclip.Paperclip.lambda$main$0(Paperclip.java:42) ~[app:?]
	at java.base/java.lang.Thread.run(Thread.java:1583) ~[?:?]
Caused by: java.lang.RuntimeException: Failed to open plugin jar plugins/worldedit-bukkit-7.3.16.jar
	at io.papermc.paper.pluginremap.PluginRemapper.remap(PluginRemapper.java:343) ~[purpur-1.21.7.jar:1.21.7-2477-60bdf1c]
	at io.papermc.paper.pluginremap.PluginRemapper.remapPlugin(PluginRemapper.java:270) ~[purpur-1.21.7.jar:1.21.7-2477-60bdf1c]
	at io.papermc.paper.pluginremap.PluginRemapper.rewritePluginDirectory(PluginRemapper.java:208) ~[purpur-1.21.7.jar:1.21.7-2477-60bdf1c]
	... 9 more
Caused by: java.util.zip.ZipException: zip END header not found
	at jdk.zipfs@21.0.7/jdk.nio.zipfs.ZipFileSystem.findEND(ZipFileSystem.java:1320) ~[jdk.zipfs:?]
	at jdk.zipfs@21.0.7/jdk.nio.zipfs.ZipFileSystem.initCEN(ZipFileSystem.java:1541) ~[jdk.zipfs:?]
	at jdk.zipfs@21.0.7/jdk.nio.zipfs.ZipFileSystem.<init>(ZipFileSystem.java:179) ~[jdk.zipfs:?]
	at jdk.zipfs@21.0.7/jdk.nio.zipfs.ZipFileSystemProvider.getZipFileSystem(ZipFileSystemProvider.java:125) ~[jdk.zipfs:?]
	at jdk.zipfs@21.0.7/jdk.nio.zipfs.ZipFileSystemProvider.newFileSystem(ZipFileSystemProvider.java:120) ~[jdk.zipfs:?]
	at java.base/java.nio.file.FileSystems.newFileSystem(FileSystems.java:528) ~[?:?]
	at java.base/java.nio.file.FileSystems.newFileSystem(FileSystems.java:440) ~[?:?]
	at io.papermc.paper.pluginremap.PluginRemapper.remap(PluginRemapper.java:294) ~[purpur-1.21.7.jar:1.21.7-2477-60bdf1c]
	at io.papermc.paper.pluginremap.PluginRemapper.remapPlugin(PluginRemapper.java:270) ~[purpur-1.21.7.jar:1.21.7-2477-60bdf1c]
	at io.papermc.paper.pluginremap.PluginRemapper.rewritePluginDirectory(PluginRemapper.java:208) ~[purpur-1.21.7.jar:1.21.7-2477-60bdf1c]
	... 9 more
[07:37:21] [ServerMain/ERROR]: [DirectoryProviderSource] Error loading plugin: Restricted name, cannot use 0x20 (space character) in a plugin name.
org.bukkit.plugin.InvalidDescriptionException: Restricted name, cannot use 0x20 (space character) in a plugin name.
	at io.papermc.paper.plugin.provider.type.spigot.SpigotPluginProviderFactory.build(SpigotPluginProviderFactory.java:45) ~[purpur-1.21.7.jar:1.21.7-2477-60bdf1c]
	at io.papermc.paper.plugin.provider.type.spigot.SpigotPluginProviderFactory.build(SpigotPluginProviderFactory.java:28) ~[purpur-1.21.7.jar:1.21.7-2477-60bdf1c]
	at io.papermc.paper.plugin.provider.type.PluginFileType.register(PluginFileType.java:72) ~[purpur-1.21.7.jar:1.21.7-2477-60bdf1c]
	at io.papermc.paper.plugin.provider.source.FileProviderSource.registerProviders(FileProviderSource.java:95) ~[purpur-1.21.7.jar:1.21.7-2477-60bdf1c]
	at io.papermc.paper.plugin.provider.source.DirectoryProviderSource.registerProviders(DirectoryProviderSource.java:52) ~[purpur-1.21.7.jar:1.21.7-2477-60bdf1c]
	at io.papermc.paper.plugin.provider.source.DirectoryProviderSource.registerProviders(DirectoryProviderSource.java:17) ~[purpur-1.21.7.jar:1.21.7-2477-60bdf1c]
	at io.papermc.paper.plugin.util.EntrypointUtil.registerProvidersFromSource(EntrypointUtil.java:15) ~[purpur-1.21.7.jar:1.21.7-2477-60bdf1c]
	at io.papermc.paper.plugin.PluginInitializerManager.load(PluginInitializerManager.java:113) ~[purpur-1.21.7.jar:1.21.7-2477-60bdf1c]
	at net.minecraft.server.Main.main(Main.java:119) ~[purpur-1.21.7.jar:1.21.7-2477-60bdf1c]
	at io.papermc.paper.PaperBootstrap.boot(PaperBootstrap.java:21) ~[purpur-1.21.7.jar:1.21.7-2477-60bdf1c]
	at org.bukkit.craftbukkit.Main.main(Main.java:250) ~[purpur-1.21.7.jar:1.21.7-2477-60bdf1c]
	at io.papermc.paperclip.Paperclip.lambda$main$0(Paperclip.java:42) ~[app:?]
	at java.base/java.lang.Thread.run(Thread.java:1583) ~[?:?]
[07:37:22] [ServerMain/INFO]: [PluginInitializerManager] Initialized 26 plugins
[07:37:22] [ServerMain/INFO]: [PluginInitializerManager] Paper plugins (1):
 - FancyNpcs (2.7.1)
[07:37:22] [ServerMain/INFO]: [PluginInitializerManager] Bukkit plugins (25):
 - BannerWings (1.3), BetterTeams (4.13.4), ClickWarp (1.3.5), CommandVouchers (1.2), DecentHolograms (2.9.6), EasyWarp (3.14), GSit (2.4.3), GTADeath (1.3), Geyser-Spigot (2.8.3-SNAPSHOT), GeyserSkinManager (1.7), HolographicDisplays (3.0.4), LobbyAPI (3.7.104), Multiverse-Core (5.2.1), Multiverse-Portals (5.1.0), RankVouchers (3.0), SimpleClaimSystem (1.12.3.2), SimpleTpa (7.9), SkinsRestorer (15.7.10), TAB (5.2.5), ViaBackwards (5.4.2), ViaRewind (4.0.9), ViaVersion (5.4.2), Warps (2.0.7), WorldGuard (7.0.14+2339-43997ec), floodgate (2.2.4-SNAPSHOT (b118-40d320a))
[07:37:32] [ServerMain/INFO]: Environment: Environment[sessionHost=https://sessionserver.mojang.com, servicesHost=https://api.minecraftservices.com, name=PROD]
[07:37:32] [ServerMain/ERROR]: Failed to start the minecraft server
net.minecraft.util.DirectoryLock$LockException: /workspaces/MinecraftializerExe/mc/./world/session.lock: already locked (possibly by other Minecraft instance?)
	at net.minecraft.util.DirectoryLock$LockException.alreadyLocked(DirectoryLock.java:100) ~[purpur-1.21.7.jar:1.21.7-2477-60bdf1c]
	at net.minecraft.util.DirectoryLock.create(DirectoryLock.java:30) ~[purpur-1.21.7.jar:1.21.7-2477-60bdf1c]
	at net.minecraft.world.level.storage.LevelStorageSource$LevelStorageAccess.<init>(LevelStorageSource.java:436) ~[purpur-1.21.7.jar:1.21.7-2477-60bdf1c]
	at net.minecraft.world.level.storage.LevelStorageSource.validateAndCreateAccess(LevelStorageSource.java:351) ~[purpur-1.21.7.jar:1.21.7-2477-60bdf1c]
	at net.minecraft.server.Main.main(Main.java:192) ~[purpur-1.21.7.jar:1.21.7-2477-60bdf1c]
	at io.papermc.paper.PaperBootstrap.boot(PaperBootstrap.java:21) ~[purpur-1.21.7.jar:1.21.7-2477-60bdf1c]
	at org.bukkit.craftbukkit.Main.main(Main.java:250) ~[purpur-1.21.7.jar:1.21.7-2477-60bdf1c]
	at io.papermc.paperclip.Paperclip.lambda$main$0(Paperclip.java:42) ~[app:?]
	at java.base/java.lang.Thread.run(Thread.java:1583) ~[?:?]
